<?xml version="1.0" encoding="UTF-8"?>
<!-- Generated by org.testng.reporters.JUnitReportReporter -->
<testsuite hostname="IN-PG02NME2" failures="0" tests="1" name="tests.ProductListTests" time="4.144" errors="0" timestamp="2023-10-01T13:32:39 IST" skipped="0">
  <testcase classname="tests.ProductListTests" name="verifyIfProductPriceDisplayed" time="4.144"/>
  <system-out/>
</testsuite> <!-- tests.ProductListTests -->
