<?xml version="1.0" encoding="UTF-8"?>
<!-- Generated by org.testng.reporters.JUnitReportReporter -->
<testsuite hostname="IN-PG02NME2" failures="0" tests="4" name="tests.LoginTests" time="17.646" errors="0" timestamp="2023-10-01T13:32:39 IST" skipped="0">
  <testcase classname="tests.LoginTests" name="verifyLoginWithValidUsernameAndInvalidPassword" time="5.019"/>
  <system-out/>
  <testcase classname="tests.LoginTests" name="verifyLoginWithInvalidUsernameAndValidPassword" time="4.263"/>
  <system-out/>
  <testcase classname="tests.LoginTests" name="verifyLoginWithInvalidCredentials" time="4.099"/>
  <system-out/>
  <testcase classname="tests.LoginTests" name="verifyLoginWithValidCredentials" time="4.265"/>
  <system-out/>
</testsuite> <!-- tests.LoginTests -->
