<?xml version="1.0" encoding="UTF-8"?>
<!-- Generated by org.testng.reporters.JUnitReportReporter -->
<testsuite hostname="IN-PG02NME2" failures="0" tests="1" name="tests.LogoutTests" time="5.020" errors="0" timestamp="2023-10-01T13:46:53 IST" skipped="0">
  <testcase classname="tests.LogoutTests" name="verifyLogout" time="5.020"/>
</testsuite> <!-- tests.LogoutTests -->
