<?xml version="1.0" encoding="UTF-8"?>
<!-- Generated by org.testng.reporters.JUnitReportReporter -->
<testsuite hostname="IN-PG02NME2" failures="0" tests="4" name="tests.LoginTests" time="18.520" errors="0" timestamp="2023-10-01T13:46:53 IST" skipped="0">
  <testcase classname="tests.LoginTests" name="verifyLoginWithInvalidCredentials" time="4.184"/>
  <testcase classname="tests.LoginTests" name="verifyLoginWithValidUsernameAndInvalidPassword" time="4.232"/>
  <testcase classname="tests.LoginTests" name="verifyLoginWithValidCredentials" time="5.966"/>
  <testcase classname="tests.LoginTests" name="verifyLoginWithInvalidUsernameAndValidPassword" time="4.138"/>
</testsuite> <!-- tests.LoginTests -->
